{
  "stats": {
    "suites": 1,
    "tests": 5,
    "passes": 4,
    "pending": 0,
    "failures": 1,
    "start": "2022-04-09T13:35:05.220Z",
    "end": "2022-04-09T13:37:45.286Z",
    "duration": 160066,
    "testsRegistered": 5,
    "passPercent": 80,
    "pendingPercent": 0,
    "other": 0,
    "hasOther": false,
    "skipped": 0,
    "hasSkipped": false
  },
  "results": [
    {
      "uuid": "8925f85f-f293-4fe8-bfe4-e581c23229ac",
      "title": "",
      "fullFile": "cypress/integration/testcases/LoginAdminTest.spec.js",
      "file": "cypress/integration/testcases/LoginAdminTest.spec.js",
      "beforeHooks": [],
      "afterHooks": [],
      "tests": [],
      "suites": [
        {
          "uuid": "70f3a79f-bab3-4d8b-972e-b83930a1b188",
          "title": "Login As SSO Admin",
          "fullFile": "",
          "file": "",
          "beforeHooks": [],
          "afterHooks": [],
          "tests": [
            {
              "title": "Validate Title of the Page",
              "fullTitle": "Login As SSO Admin Validate Title of the Page",
              "timedOut": null,
              "duration": 5996,
              "state": "passed",
              "speed": "medium",
              "pass": true,
              "fail": false,
              "pending": false,
              "context": null,
              "code": "loginPage.validateTitle().should('eq', 'Pegasus Gateway Login - Pegasus Gateway');",
              "err": {},
              "uuid": "cda9ffe9-14bb-4cc8-a59c-c65011f2e2c5",
              "parentUUID": "70f3a79f-bab3-4d8b-972e-b83930a1b188",
              "isHook": false,
              "skipped": false
            },
            {
              "title": "Verify enter email address",
              "fullTitle": "Login As SSO Admin Verify enter email address",
              "timedOut": null,
              "duration": 431,
              "state": "passed",
              "speed": "fast",
              "pass": true,
              "fail": false,
              "pending": false,
              "context": null,
              "code": "loginPage.enterEmailAdd();",
              "err": {},
              "uuid": "24dbee7c-cd67-4a04-930f-9fddb6d0ab8a",
              "parentUUID": "70f3a79f-bab3-4d8b-972e-b83930a1b188",
              "isHook": false,
              "skipped": false
            },
            {
              "title": "Verify tap Continue button",
              "fullTitle": "Login As SSO Admin Verify tap Continue button",
              "timedOut": null,
              "duration": 146,
              "state": "passed",
              "speed": "fast",
              "pass": true,
              "fail": false,
              "pending": false,
              "context": null,
              "code": "loginPage.tapContinueBtn();",
              "err": {},
              "uuid": "adfe3769-3363-4424-8af2-f777cc06164d",
              "parentUUID": "70f3a79f-bab3-4d8b-972e-b83930a1b188",
              "isHook": false,
              "skipped": false
            },
            {
              "title": "Verify enter password",
              "fullTitle": "Login As SSO Admin Verify enter password",
              "timedOut": null,
              "duration": 2463,
              "state": "passed",
              "speed": "fast",
              "pass": true,
              "fail": false,
              "pending": false,
              "context": null,
              "code": "loginPage.enterPassword();",
              "err": {},
              "uuid": "dd739d81-4dd1-4c0e-b5bd-8f57e0e84176",
              "parentUUID": "70f3a79f-bab3-4d8b-972e-b83930a1b188",
              "isHook": false,
              "skipped": false
            },
            {
              "title": "Verify tap Sign In button",
              "fullTitle": "Login As SSO Admin Verify tap Sign In button",
              "timedOut": null,
              "duration": 150788,
              "state": "failed",
              "speed": null,
              "pass": false,
              "fail": true,
              "pending": false,
              "context": null,
              "code": "loginPage.tapSignInBtn();",
              "err": {
                "message": "CypressError: Timed out after waiting `150000ms` for your remote page to load.\n\nYour page did not fire its `load` event within `150000ms`.\n\nYou can try increasing the `pageLoadTimeout` value in `cypress.json` to wait longer.\n\nBrowsers will not fire the `load` event until all stylesheets and scripts are done downloading.\n\nWhen this `load` event occurs, Cypress will continue running commands.",
                "estack": "CypressError: Timed out after waiting `150000ms` for your remote page to load.\n\nYour page did not fire its `load` event within `150000ms`.\n\nYou can try increasing the `pageLoadTimeout` value in `cypress.json` to wait longer.\n\nBrowsers will not fire the `load` event until all stylesheets and scripts are done downloading.\n\nWhen this `load` event occurs, Cypress will continue running commands.\n    at timedOutWaitingForPageLoad (https://qa.onsitetrackeasy.com.au/__cypress/runner/cypress_runner.js:158301:72)\n    at https://qa.onsitetrackeasy.com.au/__cypress/runner/cypress_runner.js:158621:16\n    at tryCatcher (https://qa.onsitetrackeasy.com.au/__cypress/runner/cypress_runner.js:13022:23)\n    at https://qa.onsitetrackeasy.com.au/__cypress/runner/cypress_runner.js:8144:41\n    at tryCatcher (https://qa.onsitetrackeasy.com.au/__cypress/runner/cypress_runner.js:13022:23)\n    at Promise._settlePromiseFromHandler (https://qa.onsitetrackeasy.com.au/__cypress/runner/cypress_runner.js:10957:31)\n    at Promise._settlePromise (https://qa.onsitetrackeasy.com.au/__cypress/runner/cypress_runner.js:11014:18)\n    at Promise._settlePromise0 (https://qa.onsitetrackeasy.com.au/__cypress/runner/cypress_runner.js:11059:10)\n    at Promise._settlePromises (https://qa.onsitetrackeasy.com.au/__cypress/runner/cypress_runner.js:11135:18)\n    at _drainQueueStep (https://qa.onsitetrackeasy.com.au/__cypress/runner/cypress_runner.js:7729:12)\n    at _drainQueue (https://qa.onsitetrackeasy.com.au/__cypress/runner/cypress_runner.js:7722:9)\n    at Async.../../node_modules/bluebird/js/release/async.js.Async._drainQueues (https://qa.onsitetrackeasy.com.au/__cypress/runner/cypress_runner.js:7738:5)\n    at Async.drainQueues (https://qa.onsitetrackeasy.com.au/__cypress/runner/cypress_runner.js:7608:14)",
                "diff": null
              },
              "uuid": "a97b73a3-42b1-4608-9232-059c61944d7e",
              "parentUUID": "70f3a79f-bab3-4d8b-972e-b83930a1b188",
              "isHook": false,
              "skipped": false
            }
          ],
          "suites": [],
          "passes": [
            "cda9ffe9-14bb-4cc8-a59c-c65011f2e2c5",
            "24dbee7c-cd67-4a04-930f-9fddb6d0ab8a",
            "adfe3769-3363-4424-8af2-f777cc06164d",
            "dd739d81-4dd1-4c0e-b5bd-8f57e0e84176"
          ],
          "failures": [
            "a97b73a3-42b1-4608-9232-059c61944d7e"
          ],
          "pending": [],
          "skipped": [],
          "duration": 159824,
          "root": false,
          "rootEmpty": false,
          "_timeout": 2000
        }
      ],
      "passes": [],
      "failures": [],
      "pending": [],
      "skipped": [],
      "duration": 0,
      "root": true,
      "rootEmpty": true,
      "_timeout": 2000
    }
  ],
  "meta": {
    "mocha": {
      "version": "7.0.1"
    },
    "mochawesome": {
      "options": {
        "quiet": false,
        "reportFilename": "testresults",
        "saveHtml": true,
        "saveJson": true,
        "consoleReporter": "spec",
        "useInlineDiffs": false,
        "code": true
      },
      "version": "6.3.1"
    },
    "marge": {
      "options": {
        "reportDir": "cypress/reports",
        "reportFilename": "testresults",
        "overwrite": false,
        "html": true,
        "json": true,
        "charts": true
      },
      "version": "5.2.0"
    }
  }
}