{
  "stats": {
    "suites": 1,
    "tests": 5,
    "passes": 5,
    "pending": 0,
    "failures": 0,
    "start": "2022-04-09T12:55:41.198Z",
    "end": "2022-04-09T12:56:10.943Z",
    "duration": 29745,
    "testsRegistered": 5,
    "passPercent": 100,
    "pendingPercent": 0,
    "other": 0,
    "hasOther": false,
    "skipped": 0,
    "hasSkipped": false
  },
  "results": [
    {
      "uuid": "92d93478-98ab-4b8c-8594-732fc3d303d4",
      "title": "",
      "fullFile": "cypress/integration/testcases/LoginAdminTest.spec.js",
      "file": "cypress/integration/testcases/LoginAdminTest.spec.js",
      "beforeHooks": [],
      "afterHooks": [],
      "tests": [],
      "suites": [
        {
          "uuid": "775c893a-817a-4719-89e1-31e66f6baab3",
          "title": "Login As SSO Admin",
          "fullFile": "",
          "file": "",
          "beforeHooks": [],
          "afterHooks": [],
          "tests": [
            {
              "title": "Validate Title of the Page",
              "fullTitle": "Login As SSO Admin Validate Title of the Page",
              "timedOut": null,
              "duration": 8391,
              "state": "passed",
              "speed": "medium",
              "pass": true,
              "fail": false,
              "pending": false,
              "context": null,
              "code": "loginPage.validateTitle().should('eq', 'Pegasus Gateway Login - Pegasus Gateway');",
              "err": {},
              "uuid": "3f502507-84f9-4752-8826-7f9e9abae4af",
              "parentUUID": "775c893a-817a-4719-89e1-31e66f6baab3",
              "isHook": false,
              "skipped": false
            },
            {
              "title": "Verify enter email address",
              "fullTitle": "Login As SSO Admin Verify enter email address",
              "timedOut": null,
              "duration": 866,
              "state": "passed",
              "speed": "fast",
              "pass": true,
              "fail": false,
              "pending": false,
              "context": null,
              "code": "loginPage.enterEmailAdd();",
              "err": {},
              "uuid": "429269f0-4290-4855-ba87-a5fb67a38e5c",
              "parentUUID": "775c893a-817a-4719-89e1-31e66f6baab3",
              "isHook": false,
              "skipped": false
            },
            {
              "title": "Verify tap Continue button",
              "fullTitle": "Login As SSO Admin Verify tap Continue button",
              "timedOut": null,
              "duration": 332,
              "state": "passed",
              "speed": "fast",
              "pass": true,
              "fail": false,
              "pending": false,
              "context": null,
              "code": "loginPage.tapContinueBtn();",
              "err": {},
              "uuid": "d011d141-ab97-4962-9654-4b07868676cb",
              "parentUUID": "775c893a-817a-4719-89e1-31e66f6baab3",
              "isHook": false,
              "skipped": false
            },
            {
              "title": "Verify enter password",
              "fullTitle": "Login As SSO Admin Verify enter password",
              "timedOut": null,
              "duration": 2560,
              "state": "passed",
              "speed": "fast",
              "pass": true,
              "fail": false,
              "pending": false,
              "context": null,
              "code": "loginPage.enterPassword();",
              "err": {},
              "uuid": "6be4bec2-a75e-4df2-9184-72afbdbf8cdf",
              "parentUUID": "775c893a-817a-4719-89e1-31e66f6baab3",
              "isHook": false,
              "skipped": false
            },
            {
              "title": "Verify tap Sign In button",
              "fullTitle": "Login As SSO Admin Verify tap Sign In button",
              "timedOut": null,
              "duration": 17403,
              "state": "passed",
              "speed": "slow",
              "pass": true,
              "fail": false,
              "pending": false,
              "context": null,
              "code": "loginPage.tapSignInBtn();",
              "err": {},
              "uuid": "8b1d89d9-9e17-4144-b87c-097683d77238",
              "parentUUID": "775c893a-817a-4719-89e1-31e66f6baab3",
              "isHook": false,
              "skipped": false
            }
          ],
          "suites": [],
          "passes": [
            "3f502507-84f9-4752-8826-7f9e9abae4af",
            "429269f0-4290-4855-ba87-a5fb67a38e5c",
            "d011d141-ab97-4962-9654-4b07868676cb",
            "6be4bec2-a75e-4df2-9184-72afbdbf8cdf",
            "8b1d89d9-9e17-4144-b87c-097683d77238"
          ],
          "failures": [],
          "pending": [],
          "skipped": [],
          "duration": 29552,
          "root": false,
          "rootEmpty": false,
          "_timeout": 2000
        }
      ],
      "passes": [],
      "failures": [],
      "pending": [],
      "skipped": [],
      "duration": 0,
      "root": true,
      "rootEmpty": true,
      "_timeout": 2000
    }
  ],
  "meta": {
    "mocha": {
      "version": "7.0.1"
    },
    "mochawesome": {
      "options": {
        "quiet": false,
        "reportFilename": "testresults",
        "saveHtml": true,
        "saveJson": true,
        "consoleReporter": "spec",
        "useInlineDiffs": false,
        "code": true
      },
      "version": "6.3.1"
    },
    "marge": {
      "options": {
        "reportDir": "cypress/reports",
        "reportFilename": "testresults",
        "overwrite": false,
        "html": true,
        "json": true,
        "charts": true
      },
      "version": "5.2.0"
    }
  }
}