{
  "stats": {
    "suites": 1,
    "tests": 5,
    "passes": 4,
    "pending": 0,
    "failures": 1,
    "start": "2022-04-09T13:24:31.435Z",
    "end": "2022-04-09T13:26:41.644Z",
    "duration": 130209,
    "testsRegistered": 5,
    "passPercent": 80,
    "pendingPercent": 0,
    "other": 0,
    "hasOther": false,
    "skipped": 0,
    "hasSkipped": false
  },
  "results": [
    {
      "uuid": "184b5ceb-ab54-4834-a7dc-45f9886ef299",
      "title": "",
      "fullFile": "cypress/integration/testcases/LoginAdminTest.spec.js",
      "file": "cypress/integration/testcases/LoginAdminTest.spec.js",
      "beforeHooks": [],
      "afterHooks": [],
      "tests": [],
      "suites": [
        {
          "uuid": "e4e136ca-7c60-4d82-9952-08ef41a7b247",
          "title": "Login As SSO Admin",
          "fullFile": "",
          "file": "",
          "beforeHooks": [],
          "afterHooks": [],
          "tests": [
            {
              "title": "Validate Title of the Page",
              "fullTitle": "Login As SSO Admin Validate Title of the Page",
              "timedOut": null,
              "duration": 6945,
              "state": "passed",
              "speed": "medium",
              "pass": true,
              "fail": false,
              "pending": false,
              "context": null,
              "code": "loginPage.validateTitle().should('eq', 'Pegasus Gateway Login - Pegasus Gateway');",
              "err": {},
              "uuid": "9d2c32cb-6b8f-48ed-a188-baf7bc16240f",
              "parentUUID": "e4e136ca-7c60-4d82-9952-08ef41a7b247",
              "isHook": false,
              "skipped": false
            },
            {
              "title": "Verify enter email address",
              "fullTitle": "Login As SSO Admin Verify enter email address",
              "timedOut": null,
              "duration": 450,
              "state": "passed",
              "speed": "fast",
              "pass": true,
              "fail": false,
              "pending": false,
              "context": null,
              "code": "loginPage.enterEmailAdd();",
              "err": {},
              "uuid": "d84e78f5-c2e6-421a-b1d9-94680d784370",
              "parentUUID": "e4e136ca-7c60-4d82-9952-08ef41a7b247",
              "isHook": false,
              "skipped": false
            },
            {
              "title": "Verify tap Continue button",
              "fullTitle": "Login As SSO Admin Verify tap Continue button",
              "timedOut": null,
              "duration": 163,
              "state": "passed",
              "speed": "fast",
              "pass": true,
              "fail": false,
              "pending": false,
              "context": null,
              "code": "loginPage.tapContinueBtn();",
              "err": {},
              "uuid": "ecffd655-fcec-49a3-b7a6-a74225c9d3f7",
              "parentUUID": "e4e136ca-7c60-4d82-9952-08ef41a7b247",
              "isHook": false,
              "skipped": false
            },
            {
              "title": "Verify enter password",
              "fullTitle": "Login As SSO Admin Verify enter password",
              "timedOut": null,
              "duration": 1724,
              "state": "passed",
              "speed": "fast",
              "pass": true,
              "fail": false,
              "pending": false,
              "context": null,
              "code": "loginPage.enterPassword();",
              "err": {},
              "uuid": "d9438258-05a3-4aa5-adb1-331a2f2bf766",
              "parentUUID": "e4e136ca-7c60-4d82-9952-08ef41a7b247",
              "isHook": false,
              "skipped": false
            },
            {
              "title": "Verify tap Sign In button",
              "fullTitle": "Login As SSO Admin Verify tap Sign In button",
              "timedOut": null,
              "duration": 120717,
              "state": "failed",
              "speed": null,
              "pass": false,
              "fail": true,
              "pending": false,
              "context": null,
              "code": "loginPage.tapSignInBtn();",
              "err": {
                "message": "CypressError: Timed out after waiting `120000ms` for your remote page to load.\n\nYour page did not fire its `load` event within `120000ms`.\n\nYou can try increasing the `pageLoadTimeout` value in `cypress.json` to wait longer.\n\nBrowsers will not fire the `load` event until all stylesheets and scripts are done downloading.\n\nWhen this `load` event occurs, Cypress will continue running commands.",
                "estack": "CypressError: Timed out after waiting `120000ms` for your remote page to load.\n\nYour page did not fire its `load` event within `120000ms`.\n\nYou can try increasing the `pageLoadTimeout` value in `cypress.json` to wait longer.\n\nBrowsers will not fire the `load` event until all stylesheets and scripts are done downloading.\n\nWhen this `load` event occurs, Cypress will continue running commands.\n    at timedOutWaitingForPageLoad (https://qa.onsitetrackeasy.com.au/__cypress/runner/cypress_runner.js:158301:72)\n    at https://qa.onsitetrackeasy.com.au/__cypress/runner/cypress_runner.js:158621:16\n    at tryCatcher (https://qa.onsitetrackeasy.com.au/__cypress/runner/cypress_runner.js:13022:23)\n    at https://qa.onsitetrackeasy.com.au/__cypress/runner/cypress_runner.js:8144:41\n    at tryCatcher (https://qa.onsitetrackeasy.com.au/__cypress/runner/cypress_runner.js:13022:23)\n    at Promise._settlePromiseFromHandler (https://qa.onsitetrackeasy.com.au/__cypress/runner/cypress_runner.js:10957:31)\n    at Promise._settlePromise (https://qa.onsitetrackeasy.com.au/__cypress/runner/cypress_runner.js:11014:18)\n    at Promise._settlePromise0 (https://qa.onsitetrackeasy.com.au/__cypress/runner/cypress_runner.js:11059:10)\n    at Promise._settlePromises (https://qa.onsitetrackeasy.com.au/__cypress/runner/cypress_runner.js:11135:18)\n    at _drainQueueStep (https://qa.onsitetrackeasy.com.au/__cypress/runner/cypress_runner.js:7729:12)\n    at _drainQueue (https://qa.onsitetrackeasy.com.au/__cypress/runner/cypress_runner.js:7722:9)\n    at Async.../../node_modules/bluebird/js/release/async.js.Async._drainQueues (https://qa.onsitetrackeasy.com.au/__cypress/runner/cypress_runner.js:7738:5)\n    at Async.drainQueues (https://qa.onsitetrackeasy.com.au/__cypress/runner/cypress_runner.js:7608:14)",
                "diff": null
              },
              "uuid": "f5b96956-e7bd-4f10-89d6-d52193cc8084",
              "parentUUID": "e4e136ca-7c60-4d82-9952-08ef41a7b247",
              "isHook": false,
              "skipped": false
            }
          ],
          "suites": [],
          "passes": [
            "9d2c32cb-6b8f-48ed-a188-baf7bc16240f",
            "d84e78f5-c2e6-421a-b1d9-94680d784370",
            "ecffd655-fcec-49a3-b7a6-a74225c9d3f7",
            "d9438258-05a3-4aa5-adb1-331a2f2bf766"
          ],
          "failures": [
            "f5b96956-e7bd-4f10-89d6-d52193cc8084"
          ],
          "pending": [],
          "skipped": [],
          "duration": 129999,
          "root": false,
          "rootEmpty": false,
          "_timeout": 2000
        }
      ],
      "passes": [],
      "failures": [],
      "pending": [],
      "skipped": [],
      "duration": 0,
      "root": true,
      "rootEmpty": true,
      "_timeout": 2000
    }
  ],
  "meta": {
    "mocha": {
      "version": "7.0.1"
    },
    "mochawesome": {
      "options": {
        "quiet": false,
        "reportFilename": "testresults",
        "saveHtml": true,
        "saveJson": true,
        "consoleReporter": "spec",
        "useInlineDiffs": false,
        "code": true
      },
      "version": "6.3.1"
    },
    "marge": {
      "options": {
        "reportDir": "cypress/reports",
        "reportFilename": "testresults",
        "overwrite": false,
        "html": true,
        "json": true,
        "charts": true
      },
      "version": "5.2.0"
    }
  }
}